<?xml version="1.0" encoding="UTF-8"?>
<testng-results skipped="0" failed="0" total="1" passed="1">
  <reporter-output>
  </reporter-output>
  <suite name="Default suite" duration-ms="7995" started-at="2016-12-01T15:49:16Z" finished-at="2016-12-01T15:49:24Z">
    <groups>
    </groups>
    <test name="Default test" duration-ms="7995" started-at="2016-12-01T15:49:16Z" finished-at="2016-12-01T15:49:24Z">
      <class name="automationDemo.InsertTwoString">
        <test-method status="PASS" signature="mytest()[pri:0, instance:automationDemo.InsertTwoString@1fb3ab6]" name="mytest" duration-ms="7973" started-at="2016-12-01T21:19:16Z" finished-at="2016-12-01T21:19:24Z">
          <reporter-output>
          </reporter-output>
        </test-method> <!-- mytest -->
      </class> <!-- automationDemo.InsertTwoString -->
    </test> <!-- Default test -->
  </suite> <!-- Default suite -->
</testng-results>
